<?xml version="1.0" encoding="UTF-8"?>
<testng-results ignored="0" total="3" passed="3" failed="0" skipped="0">
  <reporter-output>
  </reporter-output>
  <suite started-at="2024-01-09T21:24:22 EST" name="Default suite" finished-at="2024-01-09T21:24:40 EST" duration-ms="17660">
    <groups>
      <group name="cucumber">
        <method signature="AbstractTestNGCucumberTests.runScenario(io.cucumber.testng.PickleWrapper,io.cucumber.testng.FeatureWrapper)[pri:0, instance:parallel.ParallelRunCuke@6b2ea799]" name="runScenario" class="io.cucumber.testng.AbstractTestNGCucumberTests"/>
      </group> <!-- cucumber -->
    </groups>
    <test started-at="2024-01-09T21:24:22 EST" name="Default test" finished-at="2024-01-09T21:24:40 EST" duration-ms="17660">
      <class name="parallel.ParallelRunCuke">
        <test-method is-config="true" signature="setUpClass(org.testng.ITestContext)[pri:0, instance:parallel.ParallelRunCuke@6b2ea799]" started-at="2024-01-09T21:24:22 EST" name="setUpClass" finished-at="2024-01-09T21:24:22 EST" duration-ms="298" status="PASS">
          <params>
            <param index="0">
              <value>
                <![CDATA[org.testng.TestRunner@141e879d]]>
              </value>
            </param>
          </params>
          <reporter-output>
          </reporter-output>
        </test-method> <!-- setUpClass -->
        <test-method signature="runScenario(io.cucumber.testng.PickleWrapper,io.cucumber.testng.FeatureWrapper)[pri:0, instance:parallel.ParallelRunCuke@6b2ea799]" started-at="2024-01-09T21:24:22 EST" name="runScenario" description="Runs Cucumber Scenarios" data-provider="scenarios" finished-at="2024-01-09T21:24:37 EST" duration-ms="14316" status="PASS">
          <params>
            <param index="0">
              <value>
                <![CDATA["Validate search used cars feature"]]>
              </value>
            </param>
            <param index="1">
              <value>
                <![CDATA["This is to verify the car search functionality"]]>
              </value>
            </param>
          </params>
          <reporter-output>
          </reporter-output>
        </test-method> <!-- runScenario -->
        <test-method signature="runScenario(io.cucumber.testng.PickleWrapper,io.cucumber.testng.FeatureWrapper)[pri:0, instance:parallel.ParallelRunCuke@6b2ea799]" started-at="2024-01-09T21:24:22 EST" name="runScenario" description="Runs Cucumber Scenarios" data-provider="scenarios" finished-at="2024-01-09T21:24:28 EST" duration-ms="5765" status="PASS">
          <params>
            <param index="0">
              <value>
                <![CDATA["Validate the Car Reviews feature"]]>
              </value>
            </param>
            <param index="1">
              <value>
                <![CDATA["This is to verify the car reviews functionality"]]>
              </value>
            </param>
          </params>
          <reporter-output>
          </reporter-output>
        </test-method> <!-- runScenario -->
        <test-method signature="runScenario(io.cucumber.testng.PickleWrapper,io.cucumber.testng.FeatureWrapper)[pri:0, instance:parallel.ParallelRunCuke@6b2ea799]" started-at="2024-01-09T21:24:22 EST" name="runScenario" description="Runs Cucumber Scenarios" data-provider="scenarios" finished-at="2024-01-09T21:24:40 EST" duration-ms="17182" status="PASS">
          <params>
            <param index="0">
              <value>
                <![CDATA["Validate search new car feature"]]>
              </value>
            </param>
            <param index="1">
              <value>
                <![CDATA["This is to verify the car search functionality"]]>
              </value>
            </param>
          </params>
          <reporter-output>
          </reporter-output>
        </test-method> <!-- runScenario -->
        <test-method is-config="true" signature="tearDownClass()[pri:0, instance:parallel.ParallelRunCuke@6b2ea799]" started-at="2024-01-09T21:24:40 EST" name="tearDownClass" finished-at="2024-01-09T21:24:40 EST" duration-ms="159" status="PASS">
          <reporter-output>
          </reporter-output>
        </test-method> <!-- tearDownClass -->
      </class> <!-- parallel.ParallelRunCuke -->
    </test> <!-- Default test -->
  </suite> <!-- Default suite -->
</testng-results>
