<?xml version="1.0" encoding="UTF-8"?>
<testng-results ignored="0" total="1" passed="1" failed="0" skipped="0">
  <reporter-output>
  </reporter-output>
  <suite started-at="2024-01-12T18:01:41 EST" name="Default suite" finished-at="2024-01-12T18:01:51 EST" duration-ms="9532">
    <groups>
      <group name="cucumber">
        <method signature="AbstractTestNGCucumberTests.runScenario(io.cucumber.testng.PickleWrapper,io.cucumber.testng.FeatureWrapper)[pri:0, instance:parallel.ParallelRunCuke@6b2ea799]" name="runScenario" class="io.cucumber.testng.AbstractTestNGCucumberTests"/>
      </group> <!-- cucumber -->
    </groups>
    <test started-at="2024-01-12T18:01:41 EST" name="Default test" finished-at="2024-01-12T18:01:51 EST" duration-ms="9532">
      <class name="parallel.ParallelRunCuke">
        <test-method is-config="true" signature="setUpClass(org.testng.ITestContext)[pri:0, instance:parallel.ParallelRunCuke@6b2ea799]" started-at="2024-01-12T18:01:41 EST" name="setUpClass" finished-at="2024-01-12T18:01:42 EST" duration-ms="312" status="PASS">
          <params>
            <param index="0">
              <value>
                <![CDATA[org.testng.TestRunner@6ed06f69]]>
              </value>
            </param>
          </params>
          <reporter-output>
          </reporter-output>
        </test-method> <!-- setUpClass -->
        <test-method signature="runScenario(io.cucumber.testng.PickleWrapper,io.cucumber.testng.FeatureWrapper)[pri:0, instance:parallel.ParallelRunCuke@6b2ea799]" started-at="2024-01-12T18:01:42 EST" name="runScenario" description="Runs Cucumber Scenarios" data-provider="scenarios" finished-at="2024-01-12T18:01:51 EST" duration-ms="9041" status="PASS">
          <params>
            <param index="0">
              <value>
                <![CDATA["Validate the Sell car feature"]]>
              </value>
            </param>
            <param index="1">
              <value>
                <![CDATA["This is to validate the Car Selling functionality"]]>
              </value>
            </param>
          </params>
          <reporter-output>
          </reporter-output>
        </test-method> <!-- runScenario -->
        <test-method is-config="true" signature="tearDownClass()[pri:0, instance:parallel.ParallelRunCuke@6b2ea799]" started-at="2024-01-12T18:01:51 EST" name="tearDownClass" finished-at="2024-01-12T18:01:51 EST" duration-ms="156" status="PASS">
          <reporter-output>
          </reporter-output>
        </test-method> <!-- tearDownClass -->
      </class> <!-- parallel.ParallelRunCuke -->
    </test> <!-- Default test -->
  </suite> <!-- Default suite -->
</testng-results>
